<?xml version="1.0" encoding="UTF-8"?>
<!-- Generated by org.testng.reporters.JUnitXMLReporter -->
<testsuite hostname="Karthik-PC" ignored="0" name="Default test" tests="3" failures="0" timestamp="08 Apr 2019 08:24:42 GMT" time="37.71" errors="0">
  <testcase name="loginPageTitleTest" time="0.012" classname="com.crm.qa.testcases.LoginPageTest"/>
  <testcase name="loginPageLogoTest" time="0.068" classname="com.crm.qa.testcases.LoginPageTest"/>
  <testcase name="loginTest" time="0.266" classname="com.crm.qa.testcases.LoginPageTest"/>
</testsuite> <!-- Default test -->
