<?xml version="1.0" encoding="UTF-8"?>
<testng-results skipped="0" failed="0" ignored="0" total="3" passed="3">
  <reporter-output>
  </reporter-output>
  <suite name="Default suite" duration-ms="37710" started-at="2019-04-08T08:24:04Z" finished-at="2019-04-08T08:24:42Z">
    <groups>
    </groups>
    <test name="Default test" duration-ms="37710" started-at="2019-04-08T08:24:04Z" finished-at="2019-04-08T08:24:42Z">
      <class name="com.crm.qa.testcases.LoginPageTest">
        <test-method status="PASS" signature="setUp()[pri:0, instance:com.crm.qa.testcases.LoginPageTest@68c4039c]" name="setUp" is-config="true" duration-ms="12152" started-at="2019-04-08T08:24:04Z" finished-at="2019-04-08T08:24:16Z">
          <reporter-output>
          </reporter-output>
        </test-method> <!-- setUp -->
        <test-method status="PASS" signature="loginPageTitleTest()[pri:1, instance:com.crm.qa.testcases.LoginPageTest@68c4039c]" name="loginPageTitleTest" duration-ms="12" started-at="2019-04-08T08:24:16Z" finished-at="2019-04-08T08:24:16Z">
          <reporter-output>
          </reporter-output>
        </test-method> <!-- loginPageTitleTest -->
        <test-method status="PASS" signature="setUp()[pri:0, instance:com.crm.qa.testcases.LoginPageTest@68c4039c]" name="setUp" is-config="true" duration-ms="10775" started-at="2019-04-08T08:24:16Z" finished-at="2019-04-08T08:24:27Z">
          <reporter-output>
          </reporter-output>
        </test-method> <!-- setUp -->
        <test-method status="PASS" signature="loginPageLogoTest()[pri:2, instance:com.crm.qa.testcases.LoginPageTest@68c4039c]" name="loginPageLogoTest" duration-ms="68" started-at="2019-04-08T08:24:27Z" finished-at="2019-04-08T08:24:27Z">
          <reporter-output>
          </reporter-output>
        </test-method> <!-- loginPageLogoTest -->
        <test-method status="PASS" signature="setUp()[pri:0, instance:com.crm.qa.testcases.LoginPageTest@68c4039c]" name="setUp" is-config="true" duration-ms="14403" started-at="2019-04-08T08:24:27Z" finished-at="2019-04-08T08:24:41Z">
          <reporter-output>
          </reporter-output>
        </test-method> <!-- setUp -->
        <test-method status="PASS" signature="loginTest()[pri:3, instance:com.crm.qa.testcases.LoginPageTest@68c4039c]" name="loginTest" duration-ms="266" started-at="2019-04-08T08:24:41Z" finished-at="2019-04-08T08:24:42Z">
          <reporter-output>
          </reporter-output>
        </test-method> <!-- loginTest -->
      </class> <!-- com.crm.qa.testcases.LoginPageTest -->
    </test> <!-- Default test -->
  </suite> <!-- Default suite -->
</testng-results>
