<?xml version="1.0" encoding="UTF-8"?>
<!-- Generated by org.testng.reporters.JUnitXMLReporter -->
<testsuite hostname="Karthik-PC" ignored="0" name="Command line test" tests="3" failures="0" timestamp="08 Apr 2019 08:30:03 GMT" time="38.706" errors="0">
  <testcase name="loginPageTitleTest" time="0.006" classname="com.crm.qa.testcases.LoginPageTest"/>
  <testcase name="loginPageLogoTest" time="0.074" classname="com.crm.qa.testcases.LoginPageTest"/>
  <testcase name="loginTest" time="0.251" classname="com.crm.qa.testcases.LoginPageTest"/>
</testsuite> <!-- Command line test -->
